-------------------------------------------------------------------------------
Test set: com.spring.SpringBootFormHandingApplicationTests
-------------------------------------------------------------------------------
Tests run: 1, Failures: 0, Errors: 1, Skipped: 0, Time elapsed: 0.321 s <<< FAILURE! - in com.spring.SpringBootFormHandingApplicationTests
com.spring.SpringBootFormHandingApplicationTests  Time elapsed: 0.319 s  <<< ERROR!
java.lang.IllegalStateException: Unable to find a @SpringBootConfiguration, you need to use @ContextConfiguration or @SpringBootTest(classes=...) with your test

