<?xml version="1.0" encoding="UTF-8"?>
<testsuite xmlns:xsi="http://www.w3.org/2001/XMLSchema-instance" xsi:noNamespaceSchemaLocation="https://maven.apache.org/surefire/maven-surefire-plugin/xsd/surefire-test-report.xsd" name="com.spring.SpringBootFormHandingApplicationTests" time="0.321" tests="1" errors="1" skipped="0" failures="0">
  <properties>
[...]
</properties>
  <testcase name="com.spring.SpringBootFormHandingApplicationTests" classname="com.spring.SpringBootFormHandingApplicationTests" time="0.319">
    <error message="Unable to find a @SpringBootConfiguration, you need to use @ContextConfiguration or @SpringBootTest(classes=...) with your test" type="java.lang.IllegalStateException">java.lang.IllegalStateException: Unable to find a @SpringBootConfiguration, you need to use @ContextConfiguration or @SpringBootTest(classes=...) with your test
</error>
    <system-out><![CDATA[22:45:18.346 [main] DEBUG org.springframework.test.context.BootstrapUtils - Instantiating CacheAwareContextLoaderDelegate from class [org.springframework.test.context.cache.DefaultCacheAwareContextLoaderDelegate]
22:45:18.361 [main] DEBUG org.springframework.test.context.BootstrapUtils - Instantiating BootstrapContext using constructor [public org.springframework.test.context.support.DefaultBootstrapContext(java.lang.Class,org.springframework.test.context.CacheAwareContextLoaderDelegate)]
22:45:18.392 [main] DEBUG org.springframework.test.context.BootstrapUtils - Instantiating TestContextBootstrapper for test class [com.spring.SpringBootFormHandingApplicationTests] from class [org.springframework.boot.test.context.SpringBootTestContextBootstrapper]
22:45:18.408 [main] INFO org.springframework.boot.test.context.SpringBootTestContextBootstrapper - Neither @ContextConfiguration nor @ContextHierarchy found for test class [com.spring.SpringBootFormHandingApplicationTests], using SpringBootContextLoader
22:45:18.414 [main] DEBUG org.springframework.test.context.support.AbstractContextLoader - Did not detect default resource location for test class [com.spring.SpringBootFormHandingApplicationTests]: class path resource [com/spring/SpringBootFormHandingApplicationTests-context.xml] does not exist
22:45:18.414 [main] DEBUG org.springframework.test.context.support.AbstractContextLoader - Did not detect default resource location for test class [com.spring.SpringBootFormHandingApplicationTests]: class path resource [com/spring/SpringBootFormHandingApplicationTestsContext.groovy] does not exist
22:45:18.414 [main] INFO org.springframework.test.context.support.AbstractContextLoader - Could not detect default resource locations for test class [com.spring.SpringBootFormHandingApplicationTests]: no resource found for suffixes {-context.xml, Context.groovy}.
22:45:18.415 [main] INFO org.springframework.test.context.support.AnnotationConfigContextLoaderUtils - Could not detect default configuration classes for test class [com.spring.SpringBootFormHandingApplicationTests]: SpringBootFormHandingApplicationTests does not declare any static, non-private, non-final, nested classes annotated with @Configuration.
22:45:18.450 [main] DEBUG org.springframework.test.context.support.ActiveProfilesUtils - Could not find an 'annotation declaring class' for annotation type [org.springframework.test.context.ActiveProfiles] and class [com.spring.SpringBootFormHandingApplicationTests]
22:45:18.510 [main] DEBUG org.springframework.test.context.BootstrapUtils - Instantiating CacheAwareContextLoaderDelegate from class [org.springframework.test.context.cache.DefaultCacheAwareContextLoaderDelegate]
22:45:18.510 [main] DEBUG org.springframework.test.context.BootstrapUtils - Instantiating BootstrapContext using constructor [public org.springframework.test.context.support.DefaultBootstrapContext(java.lang.Class,org.springframework.test.context.CacheAwareContextLoaderDelegate)]
22:45:18.511 [main] DEBUG org.springframework.test.context.BootstrapUtils - Instantiating TestContextBootstrapper for test class [com.spring.SpringBootFormHandingApplicationTests] from class [org.springframework.boot.test.context.SpringBootTestContextBootstrapper]
22:45:18.512 [main] INFO org.springframework.boot.test.context.SpringBootTestContextBootstrapper - Neither @ContextConfiguration nor @ContextHierarchy found for test class [com.spring.SpringBootFormHandingApplicationTests], using SpringBootContextLoader
22:45:18.513 [main] DEBUG org.springframework.test.context.support.AbstractContextLoader - Did not detect default resource location for test class [com.spring.SpringBootFormHandingApplicationTests]: class path resource [com/spring/SpringBootFormHandingApplicationTests-context.xml] does not exist
22:45:18.513 [main] DEBUG org.springframework.test.context.support.AbstractContextLoader - Did not detect default resource location for test class [com.spring.SpringBootFormHandingApplicationTests]: class path resource [com/spring/SpringBootFormHandingApplicationTestsContext.groovy] does not exist
22:45:18.515 [main] INFO org.springframework.test.context.support.AbstractContextLoader - Could not detect default resource locations for test class [com.spring.SpringBootFormHandingApplicationTests]: no resource found for suffixes {-context.xml, Context.groovy}.
22:45:18.515 [main] INFO org.springframework.test.context.support.AnnotationConfigContextLoaderUtils - Could not detect default configuration classes for test class [com.spring.SpringBootFormHandingApplicationTests]: SpringBootFormHandingApplicationTests does not declare any static, non-private, non-final, nested classes annotated with @Configuration.
22:45:18.518 [main] DEBUG org.springframework.test.context.support.ActiveProfilesUtils - Could not find an 'annotation declaring class' for annotation type [org.springframework.test.context.ActiveProfiles] and class [com.spring.SpringBootFormHandingApplicationTests]
22:45:18.548 [main] DEBUG org.springframework.test.context.BootstrapUtils - Instantiating CacheAwareContextLoaderDelegate from class [org.springframework.test.context.cache.DefaultCacheAwareContextLoaderDelegate]
22:45:18.548 [main] DEBUG org.springframework.test.context.BootstrapUtils - Instantiating BootstrapContext using constructor [public org.springframework.test.context.support.DefaultBootstrapContext(java.lang.Class,org.springframework.test.context.CacheAwareContextLoaderDelegate)]
22:45:18.549 [main] DEBUG org.springframework.test.context.BootstrapUtils - Instantiating TestContextBootstrapper for test class [com.spring.SpringBootFormHandingApplicationTests] from class [org.springframework.boot.test.context.SpringBootTestContextBootstrapper]
22:45:18.550 [main] INFO org.springframework.boot.test.context.SpringBootTestContextBootstrapper - Neither @ContextConfiguration nor @ContextHierarchy found for test class [com.spring.SpringBootFormHandingApplicationTests], using SpringBootContextLoader
22:45:18.551 [main] DEBUG org.springframework.test.context.support.AbstractContextLoader - Did not detect default resource location for test class [com.spring.SpringBootFormHandingApplicationTests]: class path resource [com/spring/SpringBootFormHandingApplicationTests-context.xml] does not exist
22:45:18.551 [main] DEBUG org.springframework.test.context.support.AbstractContextLoader - Did not detect default resource location for test class [com.spring.SpringBootFormHandingApplicationTests]: class path resource [com/spring/SpringBootFormHandingApplicationTestsContext.groovy] does not exist
22:45:18.551 [main] INFO org.springframework.test.context.support.AbstractContextLoader - Could not detect default resource locations for test class [com.spring.SpringBootFormHandingApplicationTests]: no resource found for suffixes {-context.xml, Context.groovy}.
22:45:18.551 [main] INFO org.springframework.test.context.support.AnnotationConfigContextLoaderUtils - Could not detect default configuration classes for test class [com.spring.SpringBootFormHandingApplicationTests]: SpringBootFormHandingApplicationTests does not declare any static, non-private, non-final, nested classes annotated with @Configuration.
22:45:18.553 [main] DEBUG org.springframework.test.context.support.ActiveProfilesUtils - Could not find an 'annotation declaring class' for annotation type [org.springframework.test.context.ActiveProfiles] and class [com.spring.SpringBootFormHandingApplicationTests]
]]></system-out>
  </testcase>
</testsuite>